<?xml version="1.0" encoding="UTF-8"?>
<testsuite name="au.edu.sydney.brawndo.erp.spfea.AllowedScopeTest" tests="19" skipped="0" failures="0" errors="0" timestamp="2023-05-27T04:23:36" hostname="ethanair.student.wireless.sydney.edu.au" time="2.499">
  <properties/>
  <testcase name="testOrderPersonalBulkSub()" classname="au.edu.sydney.brawndo.erp.spfea.AllowedScopeTest" time="1.333"/>
  <testcase name="getOrderShortDesc()" classname="au.edu.sydney.brawndo.erp.spfea.AllowedScopeTest" time="0.093"/>
  <testcase name="getAllProducts()" classname="au.edu.sydney.brawndo.erp.spfea.AllowedScopeTest" time="0.76"/>
  <testcase name="getOrderLongDesc()" classname="au.edu.sydney.brawndo.erp.spfea.AllowedScopeTest" time="0.016"/>
  <testcase name="getAllOrders()" classname="au.edu.sydney.brawndo.erp.spfea.AllowedScopeTest" time="0.011"/>
  <testcase name="createOrder()" classname="au.edu.sydney.brawndo.erp.spfea.AllowedScopeTest" time="0.022"/>
  <testcase name="removeOrder()" classname="au.edu.sydney.brawndo.erp.spfea.AllowedScopeTest" time="0.02"/>
  <testcase name="getOrderTotalCost()" classname="au.edu.sydney.brawndo.erp.spfea.AllowedScopeTest" time="0.012"/>
  <testcase name="login()" classname="au.edu.sydney.brawndo.erp.spfea.AllowedScopeTest" time="0.02"/>
  <testcase name="getKnownContactMethods()" classname="au.edu.sydney.brawndo.erp.spfea.AllowedScopeTest" time="0.012"/>
  <testcase name="testOrderBusinessBulk()" classname="au.edu.sydney.brawndo.erp.spfea.AllowedScopeTest" time="0.021"/>
  <testcase name="testOrderBusinessFlat()" classname="au.edu.sydney.brawndo.erp.spfea.AllowedScopeTest" time="0.018"/>
  <testcase name="orderLineSet()" classname="au.edu.sydney.brawndo.erp.spfea.AllowedScopeTest" time="0.009"/>
  <testcase name="testOrderBusinessFlatSub()" classname="au.edu.sydney.brawndo.erp.spfea.AllowedScopeTest" time="0.012"/>
  <testcase name="testOrderPersonalBulk()" classname="au.edu.sydney.brawndo.erp.spfea.AllowedScopeTest" time="0.016"/>
  <testcase name="testOrderPersonalFlat()" classname="au.edu.sydney.brawndo.erp.spfea.AllowedScopeTest" time="0.028"/>
  <testcase name="testOrderPersonalFlatSub()" classname="au.edu.sydney.brawndo.erp.spfea.AllowedScopeTest" time="0.013"/>
  <testcase name="getAllCustomerIDs()" classname="au.edu.sydney.brawndo.erp.spfea.AllowedScopeTest" time="0.003"/>
  <testcase name="testOrderBusinessBulkSub()" classname="au.edu.sydney.brawndo.erp.spfea.AllowedScopeTest" time="0.027"/>
  <system-out><![CDATA[]]></system-out>
  <system-err><![CDATA[]]></system-err>
</testsuite>
